<?xml version="1.0" encoding="UTF-8"?>
<!-- Generated by org.testng.reporters.JUnitReportReporter -->
<testsuite hostname="Preyal" failures="0" tests="1" name="HTTP_PostPractice" time="3.194" errors="0" timestamp="2021-03-10T12:26:56 GMT-05:00" skipped="0">
  <testcase classname="HTTP_PostPractice" name="http_testAPI" time="3.194"/>
  <system-out/>
</testsuite> <!-- HTTP_PostPractice -->
