<?xml version="1.0" encoding="UTF-8"?>
<!-- Generated by org.testng.reporters.JUnitReportReporter -->
<testsuite hostname="Preyal" failures="0" tests="1" name="HTTP_Get" time="4.685" errors="0" timestamp="2021-03-22T18:18:58 GMT-04:00" skipped="0">
  <testcase classname="HTTP_Get" name="httpget1" time="4.685"/>
  <system-out/>
</testsuite> <!-- HTTP_Get -->
