<?xml version="1.0" encoding="UTF-8"?>
<!-- Generated by org.testng.reporters.JUnitReportReporter -->
<testsuite hostname="Preyal" failures="0" tests="1" name="HTTP_Practice" time="3.289" errors="0" timestamp="2021-03-14T14:29:27 GMT-04:00" skipped="0">
  <testcase classname="HTTP_Practice" name="http_PutPractice" time="3.289"/>
  <system-out/>
</testsuite> <!-- HTTP_Practice -->
