<?xml version="1.0" encoding="UTF-8"?>
<!-- Generated by org.testng.reporters.JUnitReportReporter -->
<testsuite hostname="Preyal" failures="0" tests="1" name="HTTP_Post" time="3.941" errors="0" timestamp="2021-05-25T11:14:27 GMT-04:00" skipped="0">
  <testcase classname="HTTP_Post" name="Post_Req" time="3.941"/>
  <system-out/>
</testsuite> <!-- HTTP_Post -->
